<?xml version="1.0" encoding="UTF-8"?>
<!-- Generated by org.testng.reporters.JUnitReportReporter -->
<testsuite hostname="AV-PC-L002" name="TestScriptForerrormessages" tests="1" failures="0" timestamp="15 Sep 2017 13:55:38 GMT" time="74.665" errors="0">
  <testcase name="CaptureErrorMessages" time="74.665" classname="TestScriptForerrormessages"/>
</testsuite> <!-- TestScriptForerrormessages -->
