<?xml version="1.0" encoding="UTF-8"?>
<!-- Generated by org.testng.reporters.JUnitReportReporter -->
<testsuite hostname="AV-PC-L002" name="cpm.SuccessfullLogin" tests="1" failures="0" timestamp="15 Sep 2017 09:42:13 GMT" time="39.087" errors="0">
  <testcase name="ValidLogin" time="39.087" classname="cpm.SuccessfullLogin"/>
</testsuite> <!-- cpm.SuccessfullLogin -->
